[0m[[0m[0mdebug[0m] [0m[0m> Exec(test, Some(ea0f9d57-c814-4232-a4d9-d450cb188706), Some(CommandSource(console0)))[0m
[0m[[0m[0mdebug[0m] [0m[0mEvaluating tasks: Test / test[0m
[0m[[0m[0mdebug[0m] [0m[0mRunning task... Cancel: Signal, check cycles: false, forcegc: true[0m
[0m[[0m[0minfo[0m] [0m[0mcompiling 1 Scala source to /Users/kostasch/Documents/EPFL-Msc/advanced-compiler-construction/project/adv_comp_cons_epfl/l3/compiler/target/scala-3.3.1/classes ...[0m
[0m[[0m[33mwarn[0m] [0m[0m[33m[33m-- Warning: /Users/kostasch/Documents/EPFL-Msc/advanced-compiler-construction/project/adv_comp_cons_epfl/l3/compiler/src/l3/CL3ToCPSTranslator.scala:15:14 [0m[0m[0m
[0m[[0m[33mwarn[0m] [0m[0m[33m15 |[0m  [33mprivate[0m [33mdef[0m tail(t: S.Tree, c: Symbol): H.Tree = {[0m
[0m[[0m[33mwarn[0m] [0m[0m[33m[33m   |[0m              ^^^^[0m[0m
[0m[[0m[33mwarn[0m] [0m[0m[33m   |[0m              unused private member[0m
[0m[[0m[33mwarn[0m] [0m[0m[33m[33m-- Warning: /Users/kostasch/Documents/EPFL-Msc/advanced-compiler-construction/project/adv_comp_cons_epfl/l3/compiler/src/l3/CL3ToCPSTranslator.scala:19:14 [0m[0m[0m
[0m[[0m[33mwarn[0m] [0m[0m[33m19 |[0m  [33mprivate[0m [33mdef[0m cond(t: S.Tree, ct: Symbol, ce: Symbol): H.Tree = {[0m
[0m[[0m[33mwarn[0m] [0m[0m[33m[33m   |[0m              ^^^^[0m[0m
[0m[[0m[33mwarn[0m] [0m[0m[33m   |[0m              unused private member[0m
[0m[[0m[33mwarn[0m] [0m[0mtwo warnings found[0m
[0m[[0m[0minfo[0m] [0m[0m[0m
[0m[[0m[31merror[0m] [0m[0mFailed tests:[0m
[0m[[0m[31merror[0m] [0m[0m	l3.ExamplesTests2[0m
[0m[[0m[31merror[0m] [0m[0m	l3.SyntheticTests2[0m
[0m[[0m[31merror[0m] [0m[0m	l3.ExamplesTests1[0m
[0m[[0m[0mdebug[0m] [0m[0mForcing garbage collection...[0m
[0m[[0m[31merror[0m] [0m[0m(Test / [31mtest[0m) sbt.TestsFailedException: Tests unsuccessful[0m
[0m[[0m[31merror[0m] [0m[0mTotal time: 3 s, completed Mar 8, 2024, 7:15:02 PM[0m
[0m[[0m[0mdebug[0m] [0m[0m> Exec(shell, None, None)[0m
